<?xml version="1.0" encoding="utf-8"?><testsuites><testsuite name="pytest" errors="2" failures="0" skipped="1" tests="3" time="0.184" timestamp="2025-05-20T01:43:35.780143+02:00" hostname="fedora"><testcase classname="" name="examples.javascript.tests" time="0.000"><error message="collection failure">/usr/lib64/python3.13/importlib/__init__.py:88: in import_module
    return _bootstrap._gcd_import(name[level:], package, level)
&lt;frozen importlib._bootstrap&gt;:1387: in _gcd_import
    ???
&lt;frozen importlib._bootstrap&gt;:1360: in _find_and_load
    ???
&lt;frozen importlib._bootstrap&gt;:1331: in _find_and_load_unlocked
    ???
&lt;frozen importlib._bootstrap&gt;:935: in _load_unlocked
    ???
/usr/local/lib/python3.13/site-packages/_pytest/assertion/rewrite.py:185: in exec_module
    exec(co, module.__dict__)
example/flask/examples/javascript/tests/conftest.py:3: in &lt;module&gt;
    from js_example import app
E   ModuleNotFoundError: No module named 'js_example'</error></testcase><testcase classname="" name="examples.tutorial.tests" time="0.000"><error message="collection failure">/usr/lib64/python3.13/importlib/__init__.py:88: in import_module
    return _bootstrap._gcd_import(name[level:], package, level)
&lt;frozen importlib._bootstrap&gt;:1387: in _gcd_import
    ???
&lt;frozen importlib._bootstrap&gt;:1360: in _find_and_load
    ???
&lt;frozen importlib._bootstrap&gt;:1331: in _find_and_load_unlocked
    ???
&lt;frozen importlib._bootstrap&gt;:935: in _load_unlocked
    ???
/usr/local/lib/python3.13/site-packages/_pytest/assertion/rewrite.py:185: in exec_module
    exec(co, module.__dict__)
example/flask/examples/tutorial/tests/conftest.py:6: in &lt;module&gt;
    from flaskr import create_app
E   ModuleNotFoundError: No module named 'flaskr'</error></testcase><testcase classname="" name="tests.test_async" time="0.000"><skipped message="collection skipped">('/home/tymofii/school/isp/debugger-enhanced-code-completion/example/flask/tests/test_async.py', 11, "Skipped: could not import 'asgiref': No module named 'asgiref'")</skipped></testcase></testsuite></testsuites>